<?xml version="1.0" encoding="UTF-8"?>
<!-- Generated by org.testng.reporters.JUnitXMLReporter -->
<testsuite ignored="0" hostname="LAPTOP-07C5PU1R" failures="1" tests="1" name="Test" time="0.006" errors="0" timestamp="2025-05-15T13:50:44 IST">
  <testcase classname="testCases.AccountRegistrationTest" name="verify_Account_Registration" time="0.001">
    <failure type="java.lang.NullPointerException">
      <![CDATA[java.lang.NullPointerException
at org.openqa.selenium.support.pagefactory.DefaultElementLocator.findElement(DefaultElementLocator.java:68)
at org.openqa.selenium.support.pagefactory.internal.LocatingElementHandler.invoke(LocatingElementHandler.java:38)
at com.sun.proxy.$Proxy28.click(Unknown Source)
at pageObjects.HomePage.clickMyaccountLink(HomePage.java:29)
at testCases.AccountRegistrationTest.verify_Account_Registration(AccountRegistrationTest.java:15)
at java.base/java.util.ArrayList.forEach(ArrayList.java:1541)
... Removed 27 stack frames]]>
    </failure>
  </testcase> <!-- verify_Account_Registration -->
</testsuite> <!-- Test -->
